<?xml version="1.0" encoding="UTF-8"?>
<!-- Generated by org.testng.reporters.JUnitReportReporter -->
<testsuite skipped="0" hostname="DESKTOP-N829Q9B" name="tests.auth.AuthorizationTest" tests="1" failures="0" timestamp="2022-06-30T01:07:11 MSK" time="2.333" errors="0">
  <testcase name="checkIsRedirectToAuth" time="2.333" classname="tests.auth.AuthorizationTest"/>
</testsuite> <!-- tests.auth.AuthorizationTest -->
